<?xml version="1.0" encoding="UTF-8"?>
<coverage generated="1442446550">
  <project timestamp="1442446550">
    <package name="Playbook">
      <file name="/Users/diego/Favor/thirdparty/playbook-hr/src/Playbook/Applicant.php">
        <class name="Applicant" namespace="Playbook">
          <metrics methods="13" coveredmethods="5" conditionals="0" coveredconditionals="0" statements="65" coveredstatements="50" elements="78" coveredelements="55"/>
        </class>
        <line num="26" type="method" name="__construct" crap="2" count="71"/>
        <line num="28" type="stmt" count="71"/>
        <line num="30" type="stmt" count="71"/>
        <line num="31" type="stmt" count="24"/>
        <line num="32" type="stmt" count="24"/>
        <line num="34" type="stmt" count="71"/>
        <line num="45" type="method" name="__call" crap="4.43" count="12"/>
        <line num="47" type="stmt" count="10"/>
        <line num="48" type="stmt" count="10"/>
        <line num="49" type="stmt" count="10"/>
        <line num="50" type="stmt" count="10"/>
        <line num="51" type="stmt" count="0"/>
        <line num="53" type="stmt" count="10"/>
        <line num="54" type="stmt" count="10"/>
        <line num="56" type="stmt" count="0"/>
        <line num="57" type="stmt" count="0"/>
        <line num="59" type="stmt" count="12"/>
        <line num="69" type="method" name="__get" crap="3.33" count="61"/>
        <line num="71" type="stmt" count="61"/>
        <line num="72" type="stmt" count="61"/>
        <line num="73" type="stmt" count="0"/>
        <line num="74" type="stmt" count="0"/>
        <line num="75" type="stmt" count="61"/>
        <line num="78" type="stmt" count="61"/>
        <line num="90" type="method" name="__set" crap="2.02" count="71"/>
        <line num="92" type="stmt" count="71"/>
        <line num="93" type="stmt" count="71"/>
        <line num="94" type="stmt" count="6"/>
        <line num="95" type="stmt" count="0"/>
        <line num="96" type="stmt" count="71"/>
        <line num="99" type="stmt" count="71"/>
        <line num="109" type="method" name="toSnakeCase" crap="1" count="10"/>
        <line num="111" type="stmt" count="10"/>
        <line num="121" type="method" name="toCamelCase" crap="1" count="71"/>
        <line num="123" type="stmt" count="71"/>
        <line num="124" type="stmt" count="71"/>
        <line num="126" type="stmt" count="71"/>
        <line num="129" type="method" name="fetch" crap="2.15" count="12"/>
        <line num="131" type="stmt" count="12"/>
        <line num="132" type="stmt" count="12"/>
        <line num="134" type="stmt" count="0"/>
        <line num="142" type="method" name="create" crap="2.15" count="6"/>
        <line num="144" type="stmt" count="6"/>
        <line num="145" type="stmt" count="6"/>
        <line num="147" type="stmt" count="0"/>
        <line num="155" type="method" name="save" crap="2.15" count="6"/>
        <line num="157" type="stmt" count="6"/>
        <line num="158" type="stmt" count="6"/>
        <line num="160" type="stmt" count="0"/>
        <line num="167" type="method" name="isValid" crap="2.15" count="22"/>
        <line num="169" type="stmt" count="22"/>
        <line num="170" type="stmt" count="22"/>
        <line num="171" type="stmt" count="22"/>
        <line num="172" type="stmt" count="0"/>
        <line num="174" type="stmt" count="0"/>
        <line num="177" type="stmt" count="22"/>
        <line num="187" type="method" name="assignProps" crap="5" count="71"/>
        <line num="189" type="stmt" count="71"/>
        <line num="190" type="stmt" count="12"/>
        <line num="191" type="stmt" count="12"/>
        <line num="193" type="stmt" count="71"/>
        <line num="195" type="stmt" count="71"/>
        <line num="196" type="stmt" count="71"/>
        <line num="197" type="stmt" count="71"/>
        <line num="198" type="stmt" count="71"/>
        <line num="199" type="stmt" count="71"/>
        <line num="201" type="stmt" count="71"/>
        <line num="212" type="method" name="getNewInstance" crap="4.12" count="24"/>
        <line num="214" type="stmt" count="24"/>
        <line num="215" type="stmt" count="24"/>
        <line num="216" type="stmt" count="0"/>
        <line num="217" type="stmt" count="0"/>
        <line num="218" type="stmt" count="24"/>
        <line num="219" type="stmt" count="0"/>
        <line num="220" type="stmt" count="0"/>
        <line num="222" type="stmt" count="24"/>
        <line num="230" type="method" name="toArray" crap="1" count="28"/>
        <line num="232" type="stmt" count="28"/>
        <metrics loc="236" ncloc="160" classes="1" methods="13" coveredmethods="5" conditionals="0" coveredconditionals="0" statements="65" coveredstatements="50" elements="78" coveredelements="55"/>
      </file>
      <file name="/Users/diego/Favor/thirdparty/playbook-hr/src/Playbook/Client.php">
        <class name="Client" namespace="Playbook">
          <metrics methods="5" coveredmethods="1" conditionals="0" coveredconditionals="0" statements="50" coveredstatements="40" elements="55" coveredelements="41"/>
        </class>
        <line num="20" type="method" name="__construct" crap="1" count="31"/>
        <line num="22" type="stmt" count="31"/>
        <line num="23" type="stmt" count="31"/>
        <line num="25" type="stmt" count="31"/>
        <line num="26" type="stmt" count="31"/>
        <line num="27" type="stmt" count="31"/>
        <line num="29" type="stmt" count="31"/>
        <line num="40" type="method" name="searchApplicants" crap="5.20" count="25"/>
        <line num="43" type="stmt" count="25"/>
        <line num="44" type="stmt" count="3"/>
        <line num="48" type="stmt" count="22"/>
        <line num="49" type="stmt" count="22"/>
        <line num="50" type="stmt" count="22"/>
        <line num="51" type="stmt" count="22"/>
        <line num="52" type="stmt" count="22"/>
        <line num="53" type="stmt" count="0"/>
        <line num="54" type="stmt" count="0"/>
        <line num="55" type="stmt" count="0"/>
        <line num="58" type="stmt" count="22"/>
        <line num="59" type="stmt" count="22"/>
        <line num="61" type="stmt" count="22"/>
        <line num="62" type="stmt" count="4"/>
        <line num="65" type="stmt" count="19"/>
        <line num="77" type="method" name="addApplicant" crap="3.11" count="6"/>
        <line num="80" type="stmt" count="6"/>
        <line num="83" type="stmt" count="6"/>
        <line num="84" type="stmt" count="6"/>
        <line num="85" type="stmt" count="6"/>
        <line num="86" type="stmt" count="6"/>
        <line num="87" type="stmt" count="6"/>
        <line num="88" type="stmt" count="0"/>
        <line num="89" type="stmt" count="0"/>
        <line num="90" type="stmt" count="0"/>
        <line num="93" type="stmt" count="6"/>
        <line num="94" type="stmt" count="6"/>
        <line num="95" type="stmt" count="6"/>
        <line num="98" type="stmt" count="6"/>
        <line num="109" type="method" name="updateApplicant" crap="3.11" count="6"/>
        <line num="112" type="stmt" count="6"/>
        <line num="115" type="stmt" count="6"/>
        <line num="116" type="stmt" count="6"/>
        <line num="117" type="stmt" count="6"/>
        <line num="118" type="stmt" count="6"/>
        <line num="119" type="stmt" count="6"/>
        <line num="120" type="stmt" count="0"/>
        <line num="121" type="stmt" count="0"/>
        <line num="122" type="stmt" count="0"/>
        <line num="125" type="stmt" count="6"/>
        <line num="126" type="stmt" count="6"/>
        <line num="127" type="stmt" count="6"/>
        <line num="129" type="stmt" count="6"/>
        <line num="137" type="method" name="validateApplicant" crap="2.15" count="12"/>
        <line num="139" type="stmt" count="12"/>
        <line num="140" type="stmt" count="0"/>
        <line num="142" type="stmt" count="12"/>
        <metrics loc="146" ncloc="116" classes="1" methods="5" coveredmethods="1" conditionals="0" coveredconditionals="0" statements="50" coveredstatements="40" elements="55" coveredelements="41"/>
      </file>
    </package>
    <package name="Playbook\Exception">
      <file name="/Users/diego/Favor/thirdparty/playbook-hr/src/Playbook/Exception/ApplicantNotFoundException.php">
        <class name="ApplicantNotFoundException" namespace="Playbook\Exception">
          <metrics methods="0" coveredmethods="0" conditionals="0" coveredconditionals="0" statements="0" coveredstatements="0" elements="0" coveredelements="0"/>
        </class>
        <metrics loc="14" ncloc="8" classes="1" methods="0" coveredmethods="0" conditionals="0" coveredconditionals="0" statements="0" coveredstatements="0" elements="0" coveredelements="0"/>
      </file>
      <file name="/Users/diego/Favor/thirdparty/playbook-hr/src/Playbook/Exception/InvalidApplicantException.php">
        <class name="InvalidApplicantException" namespace="Playbook\Exception">
          <metrics methods="0" coveredmethods="0" conditionals="0" coveredconditionals="0" statements="0" coveredstatements="0" elements="0" coveredelements="0"/>
        </class>
        <metrics loc="15" ncloc="9" classes="1" methods="0" coveredmethods="0" conditionals="0" coveredconditionals="0" statements="0" coveredstatements="0" elements="0" coveredelements="0"/>
      </file>
    </package>
    <metrics files="4" loc="411" ncloc="293" classes="4" methods="18" coveredmethods="6" conditionals="0" coveredconditionals="0" statements="115" coveredstatements="90" elements="133" coveredelements="96"/>
  </project>
</coverage>
